<?xml version="1.0" encoding="UTF-8"?>
<!-- Generated by org.testng.reporters.JUnitXMLReporter -->
<testsuite ignored="1" hostname="LTIN539062" failures="0" tests="16" name="ChromeTests" time="196.964" errors="0" timestamp="2025-07-16T00:16:00 IST">
  <testcase classname="testcases.CarLoansTest" name="@BeforeClass confiBrowser" time="180.546">
    <failure type="java.lang.RuntimeException" message="WebDriver initialization failed">
      <![CDATA[java.lang.RuntimeException: WebDriver initialization failed
at base.Base.setupBrowser(Base.java:143)
at testcases.CarLoansTest.confiBrowser(CarLoansTest.java:19)
at java.base/java.util.ArrayList.forEach(ArrayList.java:1596)
at java.base/java.util.concurrent.FutureTask.run(FutureTask.java:317)
at java.base/java.util.concurrent.ThreadPoolExecutor.runWorker(ThreadPoolExecutor.java:1144)
at java.base/java.util.concurrent.ThreadPoolExecutor$Worker.run(ThreadPoolExecutor.java:642)
at java.base/java.lang.Thread.run(Thread.java:1583)
... Removed 13 stack frames]]>
    </failure>
  </testcase> <!-- @BeforeClass confiBrowser -->
  <testcase classname="testcases.CarLoansTest" name="@BeforeMethod HomePageObj" time="0.0">
    <skipped/>
  </testcase> <!-- @BeforeMethod HomePageObj -->
  <testcase classname="testcases.CarLoansTest" name="@BeforeMethod HomePageObj" time="0.0">
    <skipped/>
  </testcase> <!-- @BeforeMethod HomePageObj -->
  <testcase classname="testcases.CarLoansTest" name="@BeforeMethod HomePageObj" time="0.0">
    <skipped/>
  </testcase> <!-- @BeforeMethod HomePageObj -->
  <testcase classname="testcases.CarLoansTest" name="@BeforeMethod HomePageObj" time="0.0">
    <skipped/>
  </testcase> <!-- @BeforeMethod HomePageObj -->
  <testcase classname="testcases.CarLoansTest" name="@AfterClass CloseBrowser" time="0.0">
    <skipped/>
  </testcase> <!-- @AfterClass CloseBrowser -->
  <testcase classname="testcases.CarLoansTest" name="EnterNegativeValues" time="6.66"/>
  <testcase classname="testcases.CarLoansTest" name="checkLoanEMIAndInterestPayable" time="7.513"/>
  <testcase classname="testcases.CarLoansTest" name="chekDefaultCarLoanEMIValues" time="5.88"/>
  <testcase classname="testcases.CarLoansTest" name="enterCarLoanAmount" time="6.811"/>
  <testcase classname="testcases.HomeLoanTest" name="EnterNegativeValues" time="7.953"/>
  <testcase classname="testcases.HomeLoanTest" name="chekDefaultCarLoanEMIValues" time="9.951"/>
  <testcase classname="testcases.HomeLoanTest" name="enterHomeLoanAmount" time="7.26"/>
  <testcase classname="testcases.HomeLoanTest" name="extractDataYear" time="23.472"/>
  <testcase classname="testcases.UIFunctionalityCheckOfEmiCalculatorTest" name="checkInputBoxIsEnable" time="0.189"/>
  <testcase classname="testcases.UIFunctionalityCheckOfEmiCalculatorTest" name="checkScaleChange" time="0.803"/>
  <testcase classname="testcases.UIFunctionalityCheckOfEmiCalculatorTest" name="checkSliderMoveOrNot" time="3.682"/>
  <testcase classname="testcases.UIFunctionalityCheckOfLoanCalculatorTest" name="checkInputBoxIsEnable" time="0.264"/>
  <testcase classname="testcases.UIFunctionalityCheckOfLoanCalculatorTest" name="checkScaleChange" time="0.78"/>
  <testcase classname="testcases.UIFunctionalityCheckOfLoanCalculatorTest" name="checkSliderMoveOrNot" time="3.543"/>
  <testcase classname="testcases.UIFunctionalityCheckOfLoanTenureCalculatorPage" name="checkInputBoxIsEnable" time="0.197"/>
  <testcase classname="testcases.UIFunctionalityCheckOfLoanTenureCalculatorPage" name="checkSliderMoveOrNot" time="3.618"/>
  <testcase classname="testcases.HomeLoanTest" name="checkLoanEMIAndInterestPayable" time="0.0">
    <ignored/>
  </testcase> <!-- checkLoanEMIAndInterestPayable -->
</testsuite> <!-- ChromeTests -->
