<?xml version="1.0" encoding="UTF-8"?>
<!-- Generated by org.testng.reporters.JUnitXMLReporter -->
<testsuite ignored="1" hostname="LTIN539062" failures="0" tests="16" name="EdgeTests" time="27638.868" errors="0" timestamp="2025-07-16T07:53:22 IST">
  <testcase classname="testcases.CarLoansTest" name="EnterNegativeValues" time="0.0">
    <skipped/>
  </testcase> <!-- EnterNegativeValues -->
  <testcase classname="testcases.CarLoansTest" name="checkLoanEMIAndInterestPayable" time="0.0">
    <skipped/>
  </testcase> <!-- checkLoanEMIAndInterestPayable -->
  <testcase classname="testcases.CarLoansTest" name="chekDefaultCarLoanEMIValues" time="0.0">
    <skipped/>
  </testcase> <!-- chekDefaultCarLoanEMIValues -->
  <testcase classname="testcases.CarLoansTest" name="enterCarLoanAmount" time="0.0">
    <skipped/>
  </testcase> <!-- enterCarLoanAmount -->
  <testcase classname="testcases.HomeLoanTest" name="EnterNegativeValues" time="0.0">
    <skipped/>
  </testcase> <!-- EnterNegativeValues -->
  <testcase classname="testcases.HomeLoanTest" name="chekDefaultCarLoanEMIValues" time="0.0">
    <skipped/>
  </testcase> <!-- chekDefaultCarLoanEMIValues -->
  <testcase classname="testcases.HomeLoanTest" name="enterHomeLoanAmount" time="0.0">
    <skipped/>
  </testcase> <!-- enterHomeLoanAmount -->
  <testcase classname="testcases.HomeLoanTest" name="extractDataYear" time="0.0">
    <skipped/>
  </testcase> <!-- extractDataYear -->
  <testcase classname="testcases.UIFunctionalityCheckOfEmiCalculatorTest" name="checkInputBoxIsEnable" time="0.0">
    <skipped/>
  </testcase> <!-- checkInputBoxIsEnable -->
  <testcase classname="testcases.UIFunctionalityCheckOfEmiCalculatorTest" name="checkScaleChange" time="0.0">
    <skipped/>
  </testcase> <!-- checkScaleChange -->
  <testcase classname="testcases.UIFunctionalityCheckOfEmiCalculatorTest" name="checkSliderMoveOrNot" time="0.0">
    <skipped/>
  </testcase> <!-- checkSliderMoveOrNot -->
  <testcase classname="testcases.UIFunctionalityCheckOfLoanCalculatorTest" name="checkInputBoxIsEnable" time="0.0">
    <skipped/>
  </testcase> <!-- checkInputBoxIsEnable -->
  <testcase classname="testcases.UIFunctionalityCheckOfLoanCalculatorTest" name="checkScaleChange" time="0.0">
    <skipped/>
  </testcase> <!-- checkScaleChange -->
  <testcase classname="testcases.UIFunctionalityCheckOfLoanCalculatorTest" name="checkSliderMoveOrNot" time="0.0">
    <skipped/>
  </testcase> <!-- checkSliderMoveOrNot -->
  <testcase classname="testcases.UIFunctionalityCheckOfLoanTenureCalculatorPage" name="checkInputBoxIsEnable" time="0.0">
    <skipped/>
  </testcase> <!-- checkInputBoxIsEnable -->
  <testcase classname="testcases.UIFunctionalityCheckOfLoanTenureCalculatorPage" name="checkSliderMoveOrNot" time="0.0">
    <skipped/>
  </testcase> <!-- checkSliderMoveOrNot -->
  <testcase classname="testcases.HomeLoanTest" name="checkLoanEMIAndInterestPayable" time="0.0">
    <ignored/>
  </testcase> <!-- checkLoanEMIAndInterestPayable -->
</testsuite> <!-- EdgeTests -->
