<?xml version="1.0" encoding="UTF-8"?>
<!-- Generated by org.testng.reporters.JUnitXMLReporter -->
<testsuite ignored="0" hostname="LTIN539062" failures="0" tests="17" name="Test" time="137.452" errors="0" timestamp="2025-07-16T16:03:25 IST">
  <testcase classname="testcases.CarLoansTest" name="EnterNegativeValues" time="2.696"/>
  <testcase classname="testcases.CarLoansTest" name="checkLoanEMIAndInterestPayable" time="2.782"/>
  <testcase classname="testcases.CarLoansTest" name="chekDefaultCarLoanEMIValues" time="0.641"/>
  <testcase classname="testcases.CarLoansTest" name="enterCarLoanAmount" time="2.758"/>
  <testcase classname="testcases.HomeLoanTest" name="EnterNegativeValues" time="6.347"/>
  <testcase classname="testcases.HomeLoanTest" name="checkLoanEMIAndInterestPayable" time="6.653"/>
  <testcase classname="testcases.HomeLoanTest" name="chekDefaultCarLoanEMIValues" time="4.426"/>
  <testcase classname="testcases.HomeLoanTest" name="enterHomeLoanAmount" time="6.661"/>
  <testcase classname="testcases.HomeLoanTest" name="extractDataYear" time="30.497"/>
  <testcase classname="testcases.UIFunctionalityCheckOfEmiCalculatorTest" name="checkInputBoxIsEnable" time="0.287"/>
  <testcase classname="testcases.UIFunctionalityCheckOfEmiCalculatorTest" name="checkScaleChange" time="0.945"/>
  <testcase classname="testcases.UIFunctionalityCheckOfEmiCalculatorTest" name="checkSliderMoveOrNot" time="3.612"/>
  <testcase classname="testcases.UIFunctionalityCheckOfLoanTenureCalculatorPage" name="checkInputBoxIsEnable" time="0.34"/>
  <testcase classname="testcases.UIFunctionalityCheckOfLoanTenureCalculatorPage" name="checkSliderMoveOrNot" time="3.68"/>
  <testcase classname="testcases.UIFunctionalityCheckOfLoanCalculatorTest" name="checkInputBoxIsEnable" time="0.339"/>
  <testcase classname="testcases.UIFunctionalityCheckOfLoanCalculatorTest" name="checkScaleChange" time="0.638"/>
  <testcase classname="testcases.UIFunctionalityCheckOfLoanCalculatorTest" name="checkSliderMoveOrNot" time="3.485"/>
</testsuite> <!-- Test -->
