<?xml version="1.0" encoding="UTF-8"?>
<!-- Generated by org.testng.reporters.JUnitXMLReporter -->
<testsuite ignored="1" hostname="LTIN539062" failures="0" tests="16" name="Test" time="120.811" errors="0" timestamp="2025-07-16T10:07:18 IST">
  <testcase classname="testcases.CarLoansTest" name="EnterNegativeValues" time="6.306"/>
  <testcase classname="testcases.CarLoansTest" name="checkLoanEMIAndInterestPayable" time="6.232"/>
  <testcase classname="testcases.CarLoansTest" name="chekDefaultCarLoanEMIValues" time="4.53"/>
  <testcase classname="testcases.CarLoansTest" name="enterCarLoanAmount" time="6.188"/>
  <testcase classname="testcases.HomeLoanTest" name="EnterNegativeValues" time="6.149"/>
  <testcase classname="testcases.HomeLoanTest" name="chekDefaultCarLoanEMIValues" time="4.21"/>
  <testcase classname="testcases.HomeLoanTest" name="enterHomeLoanAmount" time="5.785"/>
  <testcase classname="testcases.HomeLoanTest" name="extractDataYear" time="22.638"/>
  <testcase classname="testcases.UIFunctionalityCheckOfEmiCalculatorTest" name="checkInputBoxIsEnable" time="0.165"/>
  <testcase classname="testcases.UIFunctionalityCheckOfEmiCalculatorTest" name="checkScaleChange" time="0.41"/>
  <testcase classname="testcases.UIFunctionalityCheckOfEmiCalculatorTest" name="checkSliderMoveOrNot" time="3.186"/>
  <testcase classname="testcases.UIFunctionalityCheckOfLoanTenureCalculatorPage" name="checkInputBoxIsEnable" time="0.198"/>
  <testcase classname="testcases.UIFunctionalityCheckOfLoanTenureCalculatorPage" name="checkSliderMoveOrNot" time="3.156"/>
  <testcase classname="testcases.UIFunctionalityCheckOfLoanCalculatorTest" name="checkInputBoxIsEnable" time="0.209"/>
  <testcase classname="testcases.UIFunctionalityCheckOfLoanCalculatorTest" name="checkScaleChange" time="0.433"/>
  <testcase classname="testcases.UIFunctionalityCheckOfLoanCalculatorTest" name="checkSliderMoveOrNot" time="3.193"/>
  <testcase classname="testcases.HomeLoanTest" name="checkLoanEMIAndInterestPayable" time="0.0">
    <ignored/>
  </testcase> <!-- checkLoanEMIAndInterestPayable -->
</testsuite> <!-- Test -->
