<?xml version="1.0" encoding="UTF-8"?>
<!-- Generated by org.testng.reporters.JUnitXMLReporter -->
<testsuite ignored="1" hostname="LTIN539062" failures="0" tests="16" name="ChromeTests" time="50.797" errors="0" timestamp="2025-07-16T09:16:57 IST">
  <testcase classname="testcases.CarLoansTest" name="@BeforeClass confiBrowser" time="10.564">
    <failure type="java.lang.RuntimeException" message="WebDriver initialization failed">
      <![CDATA[java.lang.RuntimeException: WebDriver initialization failed
at base.Base.setupBrowser(Base.java:143)
at testcases.CarLoansTest.confiBrowser(CarLoansTest.java:19)
at java.base/java.util.ArrayList.forEach(ArrayList.java:1596)
... Removed 23 stack frames]]>
    </failure>
  </testcase> <!-- @BeforeClass confiBrowser -->
  <testcase classname="testcases.CarLoansTest" name="@BeforeMethod HomePageObj" time="0.0">
    <skipped/>
  </testcase> <!-- @BeforeMethod HomePageObj -->
  <testcase classname="testcases.CarLoansTest" name="@BeforeMethod HomePageObj" time="0.0">
    <skipped/>
  </testcase> <!-- @BeforeMethod HomePageObj -->
  <testcase classname="testcases.CarLoansTest" name="@BeforeMethod HomePageObj" time="0.0">
    <skipped/>
  </testcase> <!-- @BeforeMethod HomePageObj -->
  <testcase classname="testcases.CarLoansTest" name="@BeforeMethod HomePageObj" time="0.0">
    <skipped/>
  </testcase> <!-- @BeforeMethod HomePageObj -->
  <testcase classname="testcases.CarLoansTest" name="@AfterClass CloseBrowser" time="0.0">
    <skipped/>
  </testcase> <!-- @AfterClass CloseBrowser -->
  <testcase classname="testcases.HomeLoanTest" name="@BeforeClass configBrowser" time="10.014">
    <failure type="java.lang.RuntimeException" message="WebDriver initialization failed">
      <![CDATA[java.lang.RuntimeException: WebDriver initialization failed
at base.Base.setupBrowser(Base.java:143)
at testcases.HomeLoanTest.configBrowser(HomeLoanTest.java:27)
at java.base/java.util.ArrayList.forEach(ArrayList.java:1596)
... Removed 23 stack frames]]>
    </failure>
  </testcase> <!-- @BeforeClass configBrowser -->
  <testcase classname="testcases.HomeLoanTest" name="@BeforeMethod HomePageObj" time="0.0">
    <skipped/>
  </testcase> <!-- @BeforeMethod HomePageObj -->
  <testcase classname="testcases.HomeLoanTest" name="@BeforeMethod WriteExcelClass" time="0.0">
    <skipped/>
  </testcase> <!-- @BeforeMethod WriteExcelClass -->
  <testcase classname="testcases.HomeLoanTest" name="@BeforeMethod HomePageObj" time="0.0">
    <skipped/>
  </testcase> <!-- @BeforeMethod HomePageObj -->
  <testcase classname="testcases.HomeLoanTest" name="@BeforeMethod WriteExcelClass" time="0.0">
    <skipped/>
  </testcase> <!-- @BeforeMethod WriteExcelClass -->
  <testcase classname="testcases.HomeLoanTest" name="@BeforeMethod HomePageObj" time="0.0">
    <skipped/>
  </testcase> <!-- @BeforeMethod HomePageObj -->
  <testcase classname="testcases.HomeLoanTest" name="@BeforeMethod WriteExcelClass" time="0.0">
    <skipped/>
  </testcase> <!-- @BeforeMethod WriteExcelClass -->
  <testcase classname="testcases.HomeLoanTest" name="@BeforeMethod HomePageObj" time="0.0">
    <skipped/>
  </testcase> <!-- @BeforeMethod HomePageObj -->
  <testcase classname="testcases.HomeLoanTest" name="@BeforeMethod WriteExcelClass" time="0.0">
    <skipped/>
  </testcase> <!-- @BeforeMethod WriteExcelClass -->
  <testcase classname="testcases.HomeLoanTest" name="@AfterClass CloseBrowser" time="0.0">
    <skipped/>
  </testcase> <!-- @AfterClass CloseBrowser -->
  <testcase classname="testcases.UIFunctionalityCheckOfEmiCalculatorTest" name="@BeforeClass confiBrowser" time="10.021">
    <failure type="java.lang.RuntimeException" message="WebDriver initialization failed">
      <![CDATA[java.lang.RuntimeException: WebDriver initialization failed
at base.Base.setupBrowser(Base.java:143)
at testcases.UIFunctionalityCheckOfEmiCalculatorTest.confiBrowser(UIFunctionalityCheckOfEmiCalculatorTest.java:21)
at java.base/java.util.ArrayList.forEach(ArrayList.java:1596)
... Removed 23 stack frames]]>
    </failure>
  </testcase> <!-- @BeforeClass confiBrowser -->
  <testcase classname="testcases.UIFunctionalityCheckOfEmiCalculatorTest" name="@BeforeMethod loanCalculatorObj" time="0.0">
    <skipped/>
  </testcase> <!-- @BeforeMethod loanCalculatorObj -->
  <testcase classname="testcases.UIFunctionalityCheckOfEmiCalculatorTest" name="@BeforeMethod loanCalculatorObj" time="0.0">
    <skipped/>
  </testcase> <!-- @BeforeMethod loanCalculatorObj -->
  <testcase classname="testcases.UIFunctionalityCheckOfEmiCalculatorTest" name="@BeforeMethod loanCalculatorObj" time="0.0">
    <skipped/>
  </testcase> <!-- @BeforeMethod loanCalculatorObj -->
  <testcase classname="testcases.UIFunctionalityCheckOfEmiCalculatorTest" name="@AfterClass CloseBrowser" time="0.0">
    <skipped/>
  </testcase> <!-- @AfterClass CloseBrowser -->
  <testcase classname="testcases.UIFunctionalityCheckOfLoanCalculatorTest" name="@BeforeClass confiBrowser" time="10.018">
    <failure type="java.lang.RuntimeException" message="WebDriver initialization failed">
      <![CDATA[java.lang.RuntimeException: WebDriver initialization failed
at base.Base.setupBrowser(Base.java:143)
at testcases.UIFunctionalityCheckOfLoanCalculatorTest.confiBrowser(UIFunctionalityCheckOfLoanCalculatorTest.java:19)
at java.base/java.util.ArrayList.forEach(ArrayList.java:1596)
... Removed 23 stack frames]]>
    </failure>
  </testcase> <!-- @BeforeClass confiBrowser -->
  <testcase classname="testcases.UIFunctionalityCheckOfLoanCalculatorTest" name="@BeforeMethod loanCalculatorObj" time="0.0">
    <skipped/>
  </testcase> <!-- @BeforeMethod loanCalculatorObj -->
  <testcase classname="testcases.UIFunctionalityCheckOfLoanCalculatorTest" name="@BeforeMethod loanCalculatorObj" time="0.0">
    <skipped/>
  </testcase> <!-- @BeforeMethod loanCalculatorObj -->
  <testcase classname="testcases.UIFunctionalityCheckOfLoanCalculatorTest" name="@BeforeMethod loanCalculatorObj" time="0.0">
    <skipped/>
  </testcase> <!-- @BeforeMethod loanCalculatorObj -->
  <testcase classname="testcases.UIFunctionalityCheckOfLoanCalculatorTest" name="@AfterClass CloseBrowser" time="0.0">
    <skipped/>
  </testcase> <!-- @AfterClass CloseBrowser -->
  <testcase classname="testcases.UIFunctionalityCheckOfLoanTenureCalculatorPage" name="@BeforeClass confiBrowser" time="10.019">
    <failure type="java.lang.RuntimeException" message="WebDriver initialization failed">
      <![CDATA[java.lang.RuntimeException: WebDriver initialization failed
at base.Base.setupBrowser(Base.java:143)
at testcases.UIFunctionalityCheckOfLoanTenureCalculatorPage.confiBrowser(UIFunctionalityCheckOfLoanTenureCalculatorPage.java:19)
at java.base/java.util.ArrayList.forEach(ArrayList.java:1596)
... Removed 23 stack frames]]>
    </failure>
  </testcase> <!-- @BeforeClass confiBrowser -->
  <testcase classname="testcases.UIFunctionalityCheckOfLoanTenureCalculatorPage" name="@BeforeMethod loanCalculatorObj" time="0.0">
    <skipped/>
  </testcase> <!-- @BeforeMethod loanCalculatorObj -->
  <testcase classname="testcases.UIFunctionalityCheckOfLoanTenureCalculatorPage" name="@BeforeMethod loanCalculatorObj" time="0.0">
    <skipped/>
  </testcase> <!-- @BeforeMethod loanCalculatorObj -->
  <testcase classname="testcases.UIFunctionalityCheckOfLoanTenureCalculatorPage" name="@AfterClass CloseBrowser" time="0.0">
    <skipped/>
  </testcase> <!-- @AfterClass CloseBrowser -->
  <testcase classname="testcases.CarLoansTest" name="EnterNegativeValues" time="0.0">
    <skipped/>
  </testcase> <!-- EnterNegativeValues -->
  <testcase classname="testcases.CarLoansTest" name="checkLoanEMIAndInterestPayable" time="0.0">
    <skipped/>
  </testcase> <!-- checkLoanEMIAndInterestPayable -->
  <testcase classname="testcases.CarLoansTest" name="chekDefaultCarLoanEMIValues" time="0.0">
    <skipped/>
  </testcase> <!-- chekDefaultCarLoanEMIValues -->
  <testcase classname="testcases.CarLoansTest" name="enterCarLoanAmount" time="0.001">
    <skipped/>
  </testcase> <!-- enterCarLoanAmount -->
  <testcase classname="testcases.HomeLoanTest" name="EnterNegativeValues" time="0.0">
    <skipped/>
  </testcase> <!-- EnterNegativeValues -->
  <testcase classname="testcases.HomeLoanTest" name="chekDefaultCarLoanEMIValues" time="0.0">
    <skipped/>
  </testcase> <!-- chekDefaultCarLoanEMIValues -->
  <testcase classname="testcases.HomeLoanTest" name="enterHomeLoanAmount" time="0.0">
    <skipped/>
  </testcase> <!-- enterHomeLoanAmount -->
  <testcase classname="testcases.HomeLoanTest" name="extractDataYear" time="0.0">
    <skipped/>
  </testcase> <!-- extractDataYear -->
  <testcase classname="testcases.UIFunctionalityCheckOfEmiCalculatorTest" name="checkInputBoxIsEnable" time="0.0">
    <skipped/>
  </testcase> <!-- checkInputBoxIsEnable -->
  <testcase classname="testcases.UIFunctionalityCheckOfEmiCalculatorTest" name="checkScaleChange" time="0.0">
    <skipped/>
  </testcase> <!-- checkScaleChange -->
  <testcase classname="testcases.UIFunctionalityCheckOfEmiCalculatorTest" name="checkSliderMoveOrNot" time="0.0">
    <skipped/>
  </testcase> <!-- checkSliderMoveOrNot -->
  <testcase classname="testcases.UIFunctionalityCheckOfLoanCalculatorTest" name="checkInputBoxIsEnable" time="0.0">
    <skipped/>
  </testcase> <!-- checkInputBoxIsEnable -->
  <testcase classname="testcases.UIFunctionalityCheckOfLoanCalculatorTest" name="checkScaleChange" time="0.0">
    <skipped/>
  </testcase> <!-- checkScaleChange -->
  <testcase classname="testcases.UIFunctionalityCheckOfLoanCalculatorTest" name="checkSliderMoveOrNot" time="0.0">
    <skipped/>
  </testcase> <!-- checkSliderMoveOrNot -->
  <testcase classname="testcases.UIFunctionalityCheckOfLoanTenureCalculatorPage" name="checkInputBoxIsEnable" time="0.0">
    <skipped/>
  </testcase> <!-- checkInputBoxIsEnable -->
  <testcase classname="testcases.UIFunctionalityCheckOfLoanTenureCalculatorPage" name="checkSliderMoveOrNot" time="0.0">
    <skipped/>
  </testcase> <!-- checkSliderMoveOrNot -->
  <testcase classname="testcases.HomeLoanTest" name="checkLoanEMIAndInterestPayable" time="0.0">
    <ignored/>
  </testcase> <!-- checkLoanEMIAndInterestPayable -->
</testsuite> <!-- ChromeTests -->
