<?xml version="1.0" encoding="UTF-8"?>
<!-- Generated by org.testng.reporters.JUnitReportReporter -->
<testsuite hostname="LTIN539062" failures="0" tests="4" name="testcases.CarLoansTest" time="8.933" errors="0" timestamp="2025-07-16T16:03:26 IST" skipped="0">
  <testcase classname="testcases.CarLoansTest" name="chekDefaultCarLoanEMIValues" time="0.642"/>
  <testcase classname="testcases.CarLoansTest" name="EnterNegativeValues" time="2.748"/>
  <testcase classname="testcases.CarLoansTest" name="checkLoanEMIAndInterestPayable" time="2.783"/>
  <testcase classname="testcases.CarLoansTest" name="enterCarLoanAmount" time="2.760"/>
</testsuite> <!-- testcases.CarLoansTest -->
