<?xml version="1.0" encoding="UTF-8"?>
<!-- Generated by org.testng.reporters.JUnitReportReporter -->
<testsuite hostname="LTIN453105" failures="0" tests="4" name="testcases.HomePage" time="31.898" errors="0" timestamp="2025-07-12T14:30:59 IST" skipped="0">
  <testcase classname="testcases.HomePage" name="EnterNegativeValues" time="9.018"/>
  <testcase classname="testcases.HomePage" name="checkLoanEMIAndInterestPayable" time="8.759"/>
  <testcase classname="testcases.HomePage" name="calculateCarLoanEMI" time="9.114"/>
  <testcase classname="testcases.HomePage" name="chekDefaultCarLoanEMIValues" time="5.007"/>
</testsuite> <!-- testcases.HomePage -->
