<?xml version="1.0" encoding="UTF-8"?>
<!-- Generated by org.testng.reporters.JUnitReportReporter -->
<testsuite hostname="LTIN453105" failures="0" tests="2" name="testcases.UIFunctionalityCheckOfLoanTenureCalculator" time="12.500" errors="0" timestamp="2025-07-14T09:12:08 IST" skipped="0">
  <testcase classname="testcases.UIFunctionalityCheckOfLoanTenureCalculator" name="checkInputBoxIsEnable" time="4.557"/>
  <testcase classname="testcases.UIFunctionalityCheckOfLoanTenureCalculator" name="checkSliderMoveOrNot" time="7.943"/>
</testsuite> <!-- testcases.UIFunctionalityCheckOfLoanTenureCalculator -->
