<?xml version="1.0" encoding="UTF-8"?>
<!-- Generated by org.testng.reporters.JUnitReportReporter -->
<testsuite hostname="LTIN539062" failures="0" tests="5" name="testcases.HomeLoanTest" time="38.826" errors="0" timestamp="2025-07-16T10:07:18 IST" skipped="1">
  <testcase classname="testcases.HomeLoanTest" name="extractDataYear" time="22.677"/>
  <testcase classname="testcases.HomeLoanTest" name="enterHomeLoanAmount" time="5.787"/>
  <testcase classname="testcases.HomeLoanTest" name="EnterNegativeValues" time="6.149"/>
  <testcase classname="testcases.HomeLoanTest" name="chekDefaultCarLoanEMIValues" time="4.213"/>
  <testcase classname="testcases.HomeLoanTest" name="checkLoanEMIAndInterestPayable">
    <skipped/>
  </testcase> <!-- checkLoanEMIAndInterestPayable -->
</testsuite> <!-- testcases.HomeLoanTest -->
