<?xml version="1.0" encoding="UTF-8"?>
<!-- Generated by org.testng.reporters.JUnitReportReporter -->
<testsuite hostname="LTIN539062" failures="0" tests="5" name="testcases.HomeLoanTest" time="54.593" errors="0" timestamp="2025-07-16T16:03:26 IST" skipped="0">
  <testcase classname="testcases.HomeLoanTest" name="enterHomeLoanAmount" time="6.664"/>
  <testcase classname="testcases.HomeLoanTest" name="EnterNegativeValues" time="6.349"/>
  <testcase classname="testcases.HomeLoanTest" name="checkLoanEMIAndInterestPayable" time="6.654"/>
  <testcase classname="testcases.HomeLoanTest" name="extractDataYear" time="30.499"/>
  <testcase classname="testcases.HomeLoanTest" name="chekDefaultCarLoanEMIValues" time="4.427"/>
</testsuite> <!-- testcases.HomeLoanTest -->
