<?xml version="1.0" encoding="UTF-8"?>
<!-- Generated by org.testng.reporters.JUnitReportReporter -->
<testsuite hostname="LTIN453105" failures="0" tests="3" name="testcases.UIFunctionalityCheckOfLoanCalculator" time="16.443" errors="0" timestamp="2025-07-12T19:17:40 IST" skipped="0">
  <testcase classname="testcases.UIFunctionalityCheckOfLoanCalculator" name="checkScaleChange" time="5.805"/>
  <testcase classname="testcases.UIFunctionalityCheckOfLoanCalculator" name="checkSliderMoveOrNot" time="8.294"/>
  <testcase classname="testcases.UIFunctionalityCheckOfLoanCalculator" name="checkInputBoxIsEnable" time="2.344"/>
</testsuite> <!-- testcases.UIFunctionalityCheckOfLoanCalculator -->
