<?xml version="1.0" encoding="UTF-8"?>
<!-- Generated by org.testng.reporters.JUnitReportReporter -->
<testsuite hostname="LTIN539062" failures="0" tests="3" name="testcases.UIFunctionalityCheckOfLoanCalculatorTest" time="8.585" errors="0" timestamp="2025-07-16T16:03:26 IST" skipped="0">
  <testcase classname="testcases.UIFunctionalityCheckOfLoanCalculatorTest" name="checkSliderMoveOrNot" time="3.870"/>
  <testcase classname="testcases.UIFunctionalityCheckOfLoanCalculatorTest" name="checkInputBoxIsEnable" time="3.214"/>
  <testcase classname="testcases.UIFunctionalityCheckOfLoanCalculatorTest" name="checkScaleChange" time="1.501"/>
</testsuite> <!-- testcases.UIFunctionalityCheckOfLoanCalculatorTest -->
