<?xml version="1.0" encoding="UTF-8"?>
<!-- Generated by org.testng.reporters.JUnitReportReporter -->
<testsuite hostname="LTIN539062" failures="0" tests="2" name="testcases.UIFunctionalityCheckOfLoanTenureCalculatorPage" time="4.051" errors="0" timestamp="2025-07-16T10:07:18 IST" skipped="0">
  <testcase classname="testcases.UIFunctionalityCheckOfLoanTenureCalculatorPage" name="checkSliderMoveOrNot" time="3.400"/>
  <testcase classname="testcases.UIFunctionalityCheckOfLoanTenureCalculatorPage" name="checkInputBoxIsEnable" time="0.651"/>
</testsuite> <!-- testcases.UIFunctionalityCheckOfLoanTenureCalculatorPage -->
