<?xml version="1.0" encoding="UTF-8"?>
<!-- Generated by org.testng.reporters.JUnitReportReporter -->
<testsuite hostname="LTIN539062" failures="0" tests="3" name="testcases.UIFunctionalityCheckOfEmiCalculatorTest" time="6.692" errors="0" timestamp="2025-07-16T16:03:26 IST" skipped="0">
  <testcase classname="testcases.UIFunctionalityCheckOfEmiCalculatorTest" name="checkInputBoxIsEnable" time="1.049"/>
  <testcase classname="testcases.UIFunctionalityCheckOfEmiCalculatorTest" name="checkSliderMoveOrNot" time="4.111"/>
  <testcase classname="testcases.UIFunctionalityCheckOfEmiCalculatorTest" name="checkScaleChange" time="1.532"/>
</testsuite> <!-- testcases.UIFunctionalityCheckOfEmiCalculatorTest -->
