<?xml version="1.0" encoding="UTF-8"?>
<!-- Generated by org.testng.reporters.JUnitReportReporter -->
<testsuite hostname="LTIN539062" failures="0" tests="2" name="testcases.UIFunctionalityCheckOfLoanTenureCalculatorPage" time="12.720" errors="0" timestamp="2025-07-16T16:03:26 IST" skipped="0">
  <testcase classname="testcases.UIFunctionalityCheckOfLoanTenureCalculatorPage" name="checkSliderMoveOrNot" time="8.073"/>
  <testcase classname="testcases.UIFunctionalityCheckOfLoanTenureCalculatorPage" name="checkInputBoxIsEnable" time="4.647"/>
</testsuite> <!-- testcases.UIFunctionalityCheckOfLoanTenureCalculatorPage -->
