<?xml version="1.0" encoding="UTF-8"?>
<!-- Generated by org.testng.reporters.JUnitReportReporter -->
<testsuite hostname="LTIN453105" failures="0" tests="5" name="testcases.HomeLoan" time="55.352" errors="0" timestamp="2025-07-14T00:58:07 IST" skipped="1">
  <testcase classname="testcases.HomeLoan" name="EnterNegativeValues" time="9.596"/>
  <testcase classname="testcases.HomeLoan" name="enterHomeLoanAmount" time="9.407"/>
  <testcase classname="testcases.HomeLoan" name="chekDefaultCarLoanEMIValues" time="6.006"/>
  <testcase classname="testcases.HomeLoan" name="extractDataYear" time="30.343"/>
  <testcase classname="testcases.HomeLoan" name="checkLoanEMIAndInterestPayable">
    <skipped/>
  </testcase> <!-- checkLoanEMIAndInterestPayable -->
</testsuite> <!-- testcases.HomeLoan -->
