<?xml version="1.0" encoding="UTF-8"?>
<!-- Generated by org.testng.reporters.JUnitReportReporter -->
<testsuite hostname="LTIN453105" failures="0" tests="3" name="testcases.UIFunctionalityCheck" time="15.707" errors="0" timestamp="2025-07-12T18:59:35 IST" skipped="0">
  <testcase classname="testcases.UIFunctionalityCheck" name="checkInputBoxIsEnable" time="5.236"/>
  <testcase classname="testcases.UIFunctionalityCheck" name="checkScaleChange" time="2.201"/>
  <testcase classname="testcases.UIFunctionalityCheck" name="checkSliderMoveOrNot" time="8.270"/>
</testsuite> <!-- testcases.UIFunctionalityCheck -->
