<?xml version="1.0" encoding="UTF-8"?>
<!-- Generated by org.testng.reporters.JUnitReportReporter -->
<testsuite hostname="LTIN539062" failures="0" tests="3" name="testcases.UIFunctionalityCheckOfEmiCalculatorTest" time="4.711" errors="0" timestamp="2025-07-16T10:07:18 IST" skipped="0">
  <testcase classname="testcases.UIFunctionalityCheckOfEmiCalculatorTest" name="checkSliderMoveOrNot" time="3.623"/>
  <testcase classname="testcases.UIFunctionalityCheckOfEmiCalculatorTest" name="checkScaleChange" time="0.683"/>
  <testcase classname="testcases.UIFunctionalityCheckOfEmiCalculatorTest" name="checkInputBoxIsEnable" time="0.405"/>
</testsuite> <!-- testcases.UIFunctionalityCheckOfEmiCalculatorTest -->
