<?xml version="1.0" encoding="UTF-8"?>
<!-- Generated by org.testng.reporters.JUnitReportReporter -->
<testsuite hostname="LTIN539062" failures="0" tests="3" name="testcases.UIFunctionalityCheckOfLoanCalculatorTest" time="4.881" errors="0" timestamp="2025-07-16T10:07:18 IST" skipped="0">
  <testcase classname="testcases.UIFunctionalityCheckOfLoanCalculatorTest" name="checkSliderMoveOrNot" time="3.536"/>
  <testcase classname="testcases.UIFunctionalityCheckOfLoanCalculatorTest" name="checkScaleChange" time="0.849"/>
  <testcase classname="testcases.UIFunctionalityCheckOfLoanCalculatorTest" name="checkInputBoxIsEnable" time="0.496"/>
</testsuite> <!-- testcases.UIFunctionalityCheckOfLoanCalculatorTest -->
