<?xml version="1.0" encoding="UTF-8"?>
<!-- Generated by org.testng.reporters.JUnitReportReporter -->
<testsuite hostname="LTIN539062" failures="0" tests="4" name="testcases.CarLoansTest" time="23.305" errors="0" timestamp="2025-07-16T10:07:18 IST" skipped="0">
  <testcase classname="testcases.CarLoansTest" name="chekDefaultCarLoanEMIValues" time="4.531"/>
  <testcase classname="testcases.CarLoansTest" name="EnterNegativeValues" time="6.351"/>
  <testcase classname="testcases.CarLoansTest" name="checkLoanEMIAndInterestPayable" time="6.234"/>
  <testcase classname="testcases.CarLoansTest" name="enterCarLoanAmount" time="6.189"/>
</testsuite> <!-- testcases.CarLoansTest -->
